<?xml version="1.0" encoding="UTF-8"?>
<!-- Generated by org.testng.reporters.JUnitXMLReporter -->
<testsuite hostname="E0446840" ignored="0" name="Default test" tests="1" failures="0" timestamp="26 Sep 2019 14:27:56 GMT" time="0.021" errors="0">
  <testcase name="@BeforeSuite beforeSuite" time="0.0" classname="tests.DashboardTestCase">
    <failure type="org.testng.TestNGException" message="
Parameter &amp;apos;PLATFORM_NAME&amp;apos; is required by BeforeSuite on method beforeSuite but has not been marked @Optional or defined
in C:\Users\ElMetwally2S\AppData\Local\Temp\testng-eclipse--1801775306\testng-customsuite.xml">
      <![CDATA[org.testng.TestNGException: 
Parameter 'PLATFORM_NAME' is required by BeforeSuite on method beforeSuite but has not been marked @Optional or defined
in C:\Users\ElMetwally2S\AppData\Local\Temp\testng-eclipse--1801775306\testng-customsuite.xml
at org.testng.internal.Parameters.createParams(Parameters.java:290)
at org.testng.internal.Parameters.createParametersForMethod(Parameters.java:359)
at org.testng.internal.Parameters.createParameters(Parameters.java:620)
at org.testng.internal.Parameters.createConfigurationParameters(Parameters.java:190)
at org.testng.internal.Invoker.invokeConfigurations(Invoker.java:209)
at org.testng.internal.Invoker.invokeConfigurations(Invoker.java:142)
at org.testng.SuiteRunner.privateRun(SuiteRunner.java:401)
at org.testng.SuiteRunner.run(SuiteRunner.java:364)
at org.testng.SuiteRunnerWorker.runSuite(SuiteRunnerWorker.java:52)
at org.testng.SuiteRunnerWorker.run(SuiteRunnerWorker.java:84)
at org.testng.TestNG.runSuitesSequentially(TestNG.java:1208)
at org.testng.TestNG.runSuitesLocally(TestNG.java:1137)
at org.testng.TestNG.runSuites(TestNG.java:1049)
at org.testng.TestNG.run(TestNG.java:1017)
at org.testng.remote.AbstractRemoteTestNG.run(AbstractRemoteTestNG.java:114)
at org.testng.remote.RemoteTestNG.initAndRun(RemoteTestNG.java:251)
at org.testng.remote.RemoteTestNG.main(RemoteTestNG.java:77)
]]>
    </failure>
  </testcase> <!-- @BeforeSuite beforeSuite -->
  <testcase name="@BeforeTest beforeTest" time="0.0" classname="tests.DashboardTestCase">
    <skipped/>
  </testcase> <!-- @BeforeTest beforeTest -->
  <testcase name="DashboardTC" time="0.0" classname="tests.DashboardTestCase">
    <skipped/>
  </testcase> <!-- DashboardTC -->
</testsuite> <!-- Default test -->
